Log file open, 11/06/20 23:51:55
LogInit: Display: Running engine for game: TrashKingProto_2_0
LogPlatformFile: Not using cached read wrapper
LogTaskGraph: Started task graph with 5 named threads and 35 total threads with 3 sets of task threads.
LogStats: Stats thread started at 0.264092
LogD3D11RHI: Loaded GFSDK_Aftermath_Lib.x64.dll
LogICUInternationalization: ICU TimeZone Detection - Raw Offset: -5:00, Platform Override: ''
LogPluginManager: Mounting plugin Paper2D
LogPluginManager: Mounting plugin AISupport
LogPluginManager: Mounting plugin LightPropagationVolume
LogPluginManager: Mounting plugin CameraShakePreviewer
LogPluginManager: Mounting plugin ActorLayerUtilities
LogPluginManager: Mounting plugin AnimationSharing
LogPluginManager: Mounting plugin CLionSourceCodeAccess
LogPluginManager: Mounting plugin CodeLiteSourceCodeAccess
LogPluginManager: Mounting plugin GitSourceControl
LogPluginManager: Mounting plugin KDevelopSourceCodeAccess
LogPluginManager: Mounting plugin NullSourceCodeAccess
LogPluginManager: Mounting plugin PerforceSourceControl
LogPluginManager: Mounting plugin PlasticSourceControl
LogPluginManager: Mounting plugin RiderSourceCodeAccess
LogPluginManager: Mounting plugin SubversionSourceControl
LogPluginManager: Mounting plugin UObjectPlugin
LogPluginManager: Mounting plugin VisualStudioCodeSourceCodeAccess
LogPluginManager: Mounting plugin VisualStudioSourceCodeAccess
LogPluginManager: Mounting plugin XCodeSourceCodeAccess
LogPluginManager: Mounting plugin AssetManagerEditor
LogPluginManager: Mounting plugin CryptoKeys
LogPluginManager: Mounting plugin CurveEditorTools
LogPluginManager: Mounting plugin DataValidation
LogPluginManager: Mounting plugin EditorScriptingUtilities
LogPluginManager: Mounting plugin FacialAnimation
LogPluginManager: Mounting plugin GameplayTagsEditor
LogPluginManager: Mounting plugin GeometryMode
LogPluginManager: Mounting plugin MacGraphicsSwitching
LogPluginManager: Mounting plugin MaterialAnalyzer
LogPluginManager: Mounting plugin MobileLauncherProfileWizard
LogPluginManager: Mounting plugin PluginBrowser
LogPluginManager: Mounting plugin SpeedTreeImporter
LogPluginManager: Mounting plugin DatasmithContent
LogPluginManager: Mounting plugin VariantManagerContent
LogPluginManager: Mounting plugin AlembicImporter
LogPluginManager: Mounting plugin AutomationUtils
LogPluginManager: Mounting plugin BackChannel
LogPluginManager: Mounting plugin ChaosCloth
LogPluginManager: Mounting plugin ChaosClothEditor
LogPluginManager: Mounting plugin ChaosEditor
LogPluginManager: Mounting plugin ChaosNiagara
LogPluginManager: Mounting plugin ChaosSolverPlugin
LogPluginManager: Mounting plugin CharacterAI
LogPluginManager: Mounting plugin GeometryCache
LogPluginManager: Mounting plugin GeometryCollectionPlugin
LogPluginManager: Mounting plugin GeometryProcessing
LogPluginManager: Mounting plugin PlanarCut
LogPluginManager: Mounting plugin PlatformCrypto
LogPluginManager: Mounting plugin ProxyLODPlugin
LogPluginManager: Mounting plugin SkeletalReduction
LogPluginManager: Mounting plugin Niagara
LogPluginManager: Mounting plugin MagicLeap
LogPluginManager: Mounting plugin MagicLeapLightEstimation
LogPluginManager: Mounting plugin MagicLeapMedia
LogPluginManager: Mounting plugin MagicLeapPassableWorld
LogPluginManager: Mounting plugin MLSDK
LogPluginManager: Mounting plugin AndroidMedia
LogPluginManager: Mounting plugin AvfMedia
LogPluginManager: Mounting plugin ImgMedia
LogPluginManager: Mounting plugin MediaCompositing
LogPluginManager: Mounting plugin MediaPlayerEditor
LogPluginManager: Mounting plugin WebMMedia
LogPluginManager: Mounting plugin WmfMedia
LogPluginManager: Mounting plugin MeshPainting
LogPluginManager: Mounting plugin TcpMessaging
LogPluginManager: Mounting plugin UdpMessaging
LogPluginManager: Mounting plugin ActorSequence
LogPluginManager: Mounting plugin LevelSequenceEditor
LogPluginManager: Mounting plugin MatineeToLevelSequence
LogPluginManager: Mounting plugin MovieRenderPipeline
LogPluginManager: Mounting plugin TemplateSequence
LogPluginManager: Mounting plugin NetcodeUnitTest
LogPluginManager: Mounting plugin NUTUnrealEngine4
LogPluginManager: Mounting plugin OnlineSubsystemGooglePlay
LogPluginManager: Mounting plugin OnlineSubsystemIOS
LogPluginManager: Mounting plugin OnlineSubsystem
LogPluginManager: Mounting plugin OnlineSubsystemNull
LogPluginManager: Mounting plugin OnlineSubsystemUtils
LogPluginManager: Mounting plugin LauncherChunkInstaller
LogPluginManager: Mounting plugin AndroidDeviceProfileSelector
LogPluginManager: Mounting plugin AndroidMoviePlayer
LogPluginManager: Mounting plugin AndroidPermission
LogPluginManager: Mounting plugin AppleImageUtils
LogPluginManager: Mounting plugin AppleMoviePlayer
LogPluginManager: Mounting plugin ArchVisCharacter
LogPluginManager: Mounting plugin AssetTags
LogPluginManager: Mounting plugin AudioCapture
LogPluginManager: Mounting plugin CableComponent
LogPluginManager: Mounting plugin CustomMeshComponent
LogPluginManager: Mounting plugin EditableMesh
LogPluginManager: Mounting plugin ExampleDeviceProfileSelector
LogPluginManager: Mounting plugin GoogleCloudMessaging
LogPluginManager: Mounting plugin GooglePAD
LogPluginManager: Mounting plugin HoudiniEngine
LogPluginManager: Mounting plugin IOSDeviceProfileSelector
LogPluginManager: Mounting plugin LinuxDeviceProfileSelector
LogPluginManager: Mounting plugin LocationServicesBPLibrary
LogPluginManager: Mounting plugin MobilePatchingUtils
LogPluginManager: Mounting plugin OculusVR
LogPluginManager: Mounting plugin PhysXVehicles
LogPluginManager: Mounting plugin PostSplashScreen
LogPluginManager: Mounting plugin ProceduralMeshComponent
LogPluginManager: Mounting plugin RuntimePhysXCooking
LogPluginManager: Mounting plugin SignificanceManager
LogPluginManager: Mounting plugin SoundFields
LogPluginManager: Mounting plugin SteamVR
LogPluginManager: Mounting plugin Synthesis
LogPluginManager: Mounting plugin WebMMoviePlayer
LogPluginManager: Mounting plugin WindowsMoviePlayer
LogPluginManager: Mounting plugin ScreenshotTools
LogInit: Using libcurl 7.55.1-DEV
LogInit:  - built for x86_64-pc-win32
LogInit:  - supports SSL with OpenSSL/1.1.1
LogInit:  - supports HTTP deflate (compression) using libz 1.2.8
LogInit:  - other features:
LogInit:      CURL_VERSION_SSL
LogInit:      CURL_VERSION_LIBZ
LogInit:      CURL_VERSION_IPV6
LogInit:      CURL_VERSION_ASYNCHDNS
LogInit:      CURL_VERSION_LARGEFILE
LogInit:      CURL_VERSION_IDN
LogInit:  CurlRequestOptions (configurable via config and command line):
LogInit:  - bVerifyPeer = true  - Libcurl will verify peer certificate
LogInit:  - bUseHttpProxy = false  - Libcurl will NOT use HTTP proxy
LogInit:  - bDontReuseConnections = false  - Libcurl will reuse connections
LogInit:  - MaxHostConnections = 16  - Libcurl will limit the number of connections to a host
LogInit:  - LocalHostAddr = Default
LogInit:  - BufferSize = 65536
LogOnline: OSS: Creating online subsystem instance for: NULL
LogInit: WinSock: version 1.1 (2.2), MaxSocks=32767, MaxUdp=65467
LogOnline: OSS: TryLoadSubsystemAndSetDefault: Loaded subsystem for module [NULL]
LogInit: Build: ++UE4+Release-4.25-CL-13942748
LogInit: Engine Version: 4.25.3-13942748+++UE4+Release-4.25
LogInit: Compatible Engine Version: 4.25.0-13144385+++UE4+Release-4.25
LogInit: Net CL: 13144385
LogInit: OS: Windows 10 (Release 2004) (), CPU: AMD Ryzen 5 1600 Six-Core Processor            , GPU: NVIDIA GeForce GTX 1660 Ti
LogInit: Compiled (64-bit): Jul 25 2020 02:07:48
LogInit: Compiled with Visual C++: 19.24.28315.00
LogInit: Build Configuration: Development
LogInit: Branch Name: ++UE4+Release-4.25
LogInit: Command Line:  -EpicPortal -epicusername=Luxskin -epicuserid=c97d598cd8694a0fa01b5b9a149def40 -epiclocale=en
LogInit: Base Directory: C:/Program Files/Epic Games/UE_4.25/Engine/Binaries/Win64/
LogInit: Allocator: TBB
LogInit: Installed Engine Build: 1
LogDevObjectVersion: Number of dev versions registered: 26
LogDevObjectVersion:   Dev-Blueprints (B0D832E4-1F89-4F0D-ACCF-7EB736FD4AA2): 10
LogDevObjectVersion:   Dev-Build (E1C64328-A22C-4D53-A36C-8E866417BD8C): 0
LogDevObjectVersion:   Dev-Core (375EC13C-06E4-48FB-B500-84F0262A717E): 4
LogDevObjectVersion:   Dev-Editor (E4B068ED-F494-42E9-A231-DA0B2E46BB41): 38
LogDevObjectVersion:   Dev-Framework (CFFC743F-43B0-4480-9391-14DF171D2073): 37
LogDevObjectVersion:   Dev-Mobile (B02B49B5-BB20-44E9-A304-32B752E40360): 2
LogDevObjectVersion:   Dev-Networking (A4E4105C-59A1-49B5-A7C5-40C4547EDFEE): 0
LogDevObjectVersion:   Dev-Online (39C831C9-5AE6-47DC-9A44-9C173E1C8E7C): 0
LogDevObjectVersion:   Dev-Physics (78F01B33-EBEA-4F98-B9B4-84EACCB95AA2): 4
LogDevObjectVersion:   Dev-Platform (6631380F-2D4D-43E0-8009-CF276956A95A): 0
LogDevObjectVersion:   Dev-Rendering (12F88B9F-8875-4AFC-A67C-D90C383ABD29): 43
LogDevObjectVersion:   Dev-Sequencer (7B5AE74C-D270-4C10-A958-57980B212A5A): 12
LogDevObjectVersion:   Dev-VR (D7296918-1DD6-4BDD-9DE2-64A83CC13884): 3
LogDevObjectVersion:   Dev-LoadTimes (C2A15278-BFE7-4AFE-6C17-90FF531DF755): 1
LogDevObjectVersion:   Private-Geometry (6EACA3D4-40EC-4CC1-B786-8BED09428FC5): 3
LogDevObjectVersion:   Dev-AnimPhys (29E575DD-E0A3-4627-9D10-D276232CDCEA): 17
LogDevObjectVersion:   Dev-Anim (AF43A65D-7FD3-4947-9873-3E8ED9C1BB05): 7
LogDevObjectVersion:   Dev-ReflectionCapture (6B266CEC-1EC7-4B8F-A30B-E4D90942FC07): 1
LogDevObjectVersion:   Dev-Automation (0DF73D61-A23F-47EA-B727-89E90C41499A): 1
LogDevObjectVersion:   FortniteMain (601D1886-AC64-4F84-AA16-D3DE0DEAC7D6): 31
LogDevObjectVersion:   Dev-Enterprise (9DFFBCD6-494F-0158-E221-12823C92A888): 10
LogDevObjectVersion:   Dev-Niagara (F2AED0AC-9AFE-416F-8664-AA7FFA26D6FC): 1
LogDevObjectVersion:   Dev-Destruction (174F1F0B-B4C6-45A5-B13F-2EE8D0FB917D): 10
LogDevObjectVersion:   Dev-Physics-Ext (35F94A83-E258-406C-A318-09F59610247C): 37
LogDevObjectVersion:   Dev-PhysicsMaterial-Chaos (B68FC16E-8B1B-42E2-B453-215C058844FE): 1
LogDevObjectVersion:   Dev-CineCamera (B2E18506-4273-CFC2-A54E-F4BB758BBA07): 1
LogInit: Presizing for max 25165824 objects, including 0 objects not considered by GC, pre-allocating 0 bytes for permanent pool.
LogConfig: Applying CVar settings from Section [/Script/Engine.StreamingSettings] File [C:/Users/xlr8o/OneDrive/Documents/Interactive Game Design/Trash_King/TrashKingProto_2_0/Saved/Config/Windows/Engine.ini]
LogConfig: Setting CVar [[s.MinBulkDataSizeForAsyncLoading:131072]]
LogConfig: Setting CVar [[s.AsyncLoadingThreadEnabled:0]]
LogConfig: Setting CVar [[s.EventDrivenLoaderEnabled:1]]
LogConfig: Setting CVar [[s.WarnIfTimeLimitExceeded:0]]
LogConfig: Setting CVar [[s.TimeLimitExceededMultiplier:1.5]]
LogConfig: Setting CVar [[s.TimeLimitExceededMinTime:0.005]]
LogConfig: Setting CVar [[s.UseBackgroundLevelStreaming:1]]
LogConfig: Setting CVar [[s.PriorityAsyncLoadingExtraTime:15.0]]
LogConfig: Setting CVar [[s.LevelStreamingActorsUpdateTimeLimit:5.0]]
LogConfig: Setting CVar [[s.PriorityLevelStreamingActorsUpdateExtraTime:5.0]]
LogConfig: Setting CVar [[s.LevelStreamingComponentsRegistrationGranularity:10]]
LogConfig: Setting CVar [[s.UnregisterComponentsTimeLimit:1.0]]
LogConfig: Setting CVar [[s.LevelStreamingComponentsUnregistrationGranularity:5]]
LogConfig: Setting CVar [[s.FlushStreamingOnExit:1]]
LogInit: Object subsystem initialized
LogConfig: Setting CVar [[con.DebugEarlyDefault:1]]
LogConfig: Setting CVar [[r.setres:1280x720]]
[2020.11.07-04.51.55:815][  0]LogConfig: Setting CVar [[r.VSync:0]]
[2020.11.07-04.51.55:815][  0]LogConfig: Setting CVar [[r.RHICmdBypass:0]]
[2020.11.07-04.51.55:815][  0]LogConfig: Applying CVar settings from Section [/Script/Engine.RendererSettings] File [C:/Users/xlr8o/OneDrive/Documents/Interactive Game Design/Trash_King/TrashKingProto_2_0/Saved/Config/Windows/Engine.ini]
[2020.11.07-04.51.55:815][  0]LogConfig: Setting CVar [[r.GPUCrashDebugging:0]]
[2020.11.07-04.51.55:815][  0]LogConfig: Setting CVar [[r.MobileHDR:1]]
[2020.11.07-04.51.55:815][  0]LogConfig: Setting CVar [[r.AllowOcclusionQueries:1]]
[2020.11.07-04.51.55:815][  0]LogConfig: Setting CVar [[r.MinScreenRadiusForLights:0.030000]]
[2020.11.07-04.51.55:815][  0]LogConfig: Setting CVar [[r.MinScreenRadiusForDepthPrepass:0.030000]]
[2020.11.07-04.51.55:815][  0]LogConfig: Setting CVar [[r.PrecomputedVisibilityWarning:0]]
[2020.11.07-04.51.55:815][  0]LogConfig: Setting CVar [[r.TextureStreaming:1]]
[2020.11.07-04.51.55:815][  0]LogConfig: Setting CVar [[Compat.UseDXT5NormalMaps:0]]
[2020.11.07-04.51.55:815][  0]LogConfig: Setting CVar [[r.AllowStaticLighting:1]]
[2020.11.07-04.51.55:815][  0]LogConfig: Setting CVar [[r.NormalMapsForStaticLighting:0]]
[2020.11.07-04.51.55:815][  0]LogConfig: Setting CVar [[r.GenerateMeshDistanceFields:0]]
[2020.11.07-04.51.55:815][  0]LogConfig: Setting CVar [[r.GenerateLandscapeGIData:1]]
[2020.11.07-04.51.55:815][  0]LogConfig: Setting CVar [[r.TessellationAdaptivePixelsPerTriangle:48.000000]]
[2020.11.07-04.51.55:815][  0]LogConfig: Setting CVar [[r.SeparateTranslucency:1]]
[2020.11.07-04.51.55:815][  0]LogConfig: Setting CVar [[r.TranslucentSortPolicy:0]]
[2020.11.07-04.51.55:815][  0]LogConfig: Setting CVar [[r.CustomDepth:1]]
[2020.11.07-04.51.55:815][  0]LogConfig: Setting CVar [[r.DefaultFeature.Bloom:1]]
[2020.11.07-04.51.55:815][  0]LogConfig: Setting CVar [[r.DefaultFeature.AmbientOcclusion:1]]
[2020.11.07-04.51.55:815][  0]LogConfig: Setting CVar [[r.DefaultFeature.AmbientOcclusionStaticFraction:1]]
[2020.11.07-04.51.55:815][  0]LogConfig: Setting CVar [[r.DefaultFeature.AutoExposure:0]]
[2020.11.07-04.51.55:815][  0]LogConfig: Setting CVar [[r.DefaultFeature.MotionBlur:0]]
[2020.11.07-04.51.55:815][  0]LogConfig: Setting CVar [[r.DefaultFeature.LensFlare:1]]
[2020.11.07-04.51.55:815][  0]LogConfig: Setting CVar [[r.DefaultFeature.AntiAliasing:1]]
[2020.11.07-04.51.55:815][  0]LogConfig: Setting CVar [[r.EarlyZPass:3]]
[2020.11.07-04.51.55:815][  0]LogConfig: Setting CVar [[r.DBuffer:0]]
[2020.11.07-04.51.55:815][  0]LogConfig: Setting CVar [[r.ClearSceneMethod:1]]
[2020.11.07-04.51.55:815][  0]LogConfig: Setting CVar [[r.BasePassOutputsVelocity:0]]
[2020.11.07-04.51.55:815][  0]LogConfig: Setting CVar [[r.WireframeCullThreshold:5.000000]]
[2020.11.07-04.51.55:815][  0]LogConfig: Applying CVar settings from Section [/Script/Engine.RendererOverrideSettings] File [C:/Users/xlr8o/OneDrive/Documents/Interactive Game Design/Trash_King/TrashKingProto_2_0/Saved/Config/Windows/Engine.ini]
[2020.11.07-04.51.55:815][  0]LogConfig: Applying CVar settings from Section [/Script/Engine.StreamingSettings] File [C:/Users/xlr8o/OneDrive/Documents/Interactive Game Design/Trash_King/TrashKingProto_2_0/Saved/Config/Windows/Engine.ini]
[2020.11.07-04.51.55:815][  0]LogConfig: Setting CVar [[s.MinBulkDataSizeForAsyncLoading:131072]]
[2020.11.07-04.51.55:815][  0]LogConfig: Setting CVar [[s.AsyncLoadingThreadEnabled:0]]
[2020.11.07-04.51.55:815][  0]LogConfig: Setting CVar [[s.EventDrivenLoaderEnabled:1]]
[2020.11.07-04.51.55:815][  0]LogConfig: Setting CVar [[s.WarnIfTimeLimitExceeded:0]]
[2020.11.07-04.51.55:815][  0]LogConfig: Setting CVar [[s.TimeLimitExceededMultiplier:1.5]]
[2020.11.07-04.51.55:815][  0]LogConfig: Setting CVar [[s.TimeLimitExceededMinTime:0.005]]
[2020.11.07-04.51.55:816][  0]LogConfig: Setting CVar [[s.UseBackgroundLevelStreaming:1]]
[2020.11.07-04.51.55:816][  0]LogConfig: Setting CVar [[s.PriorityAsyncLoadingExtraTime:15.0]]
[2020.11.07-04.51.55:816][  0]LogConfig: Setting CVar [[s.LevelStreamingActorsUpdateTimeLimit:5.0]]
[2020.11.07-04.51.55:816][  0]LogConfig: Setting CVar [[s.PriorityLevelStreamingActorsUpdateExtraTime:5.0]]
[2020.11.07-04.51.55:816][  0]LogConfig: Setting CVar [[s.LevelStreamingComponentsRegistrationGranularity:10]]
[2020.11.07-04.51.55:816][  0]LogConfig: Setting CVar [[s.UnregisterComponentsTimeLimit:1.0]]
[2020.11.07-04.51.55:816][  0]LogConfig: Setting CVar [[s.LevelStreamingComponentsUnregistrationGranularity:5]]
[2020.11.07-04.51.55:816][  0]LogConfig: Setting CVar [[s.FlushStreamingOnExit:1]]
[2020.11.07-04.51.55:816][  0]LogConfig: Applying CVar settings from Section [/Script/Engine.GarbageCollectionSettings] File [C:/Users/xlr8o/OneDrive/Documents/Interactive Game Design/Trash_King/TrashKingProto_2_0/Saved/Config/Windows/Engine.ini]
[2020.11.07-04.51.55:816][  0]LogConfig: Setting CVar [[gc.MaxObjectsNotConsideredByGC:1]]
[2020.11.07-04.51.55:816][  0]LogConfig: Setting CVar [[gc.SizeOfPermanentObjectPool:0]]
[2020.11.07-04.51.55:816][  0]LogConfig: Setting CVar [[gc.FlushStreamingOnGC:0]]
[2020.11.07-04.51.55:816][  0]LogConfig: Setting CVar [[gc.NumRetriesBeforeForcingGC:10]]
[2020.11.07-04.51.55:816][  0]LogConfig: Setting CVar [[gc.AllowParallelGC:1]]
[2020.11.07-04.51.55:816][  0]LogConfig: Setting CVar [[gc.TimeBetweenPurgingPendingKillObjects:61.1]]
[2020.11.07-04.51.55:816][  0]LogConfig: Setting CVar [[gc.MaxObjectsInEditor:25165824]]
[2020.11.07-04.51.55:816][  0]LogConfig: Setting CVar [[gc.IncrementalBeginDestroyEnabled:1]]
[2020.11.07-04.51.55:816][  0]LogConfig: Setting CVar [[gc.CreateGCClusters:1]]
[2020.11.07-04.51.55:816][  0]LogConfig: Setting CVar [[gc.MinGCClusterSize:5]]
[2020.11.07-04.51.55:816][  0]LogConfig: Setting CVar [[gc.ActorClusteringEnabled:0]]
[2020.11.07-04.51.55:816][  0]LogConfig: Setting CVar [[gc.BlueprintClusteringEnabled:0]]
[2020.11.07-04.51.55:816][  0]LogConfig: Setting CVar [[gc.UseDisregardForGCOnDedicatedServers:0]]
[2020.11.07-04.51.55:816][  0]LogConfig: Applying CVar settings from Section [/Script/Engine.NetworkSettings] File [C:/Users/xlr8o/OneDrive/Documents/Interactive Game Design/Trash_King/TrashKingProto_2_0/Saved/Config/Windows/Engine.ini]
[2020.11.07-04.51.55:816][  0]LogConfig: Applying CVar settings from Section [/Script/UnrealEd.CookerSettings] File [C:/Users/xlr8o/OneDrive/Documents/Interactive Game Design/Trash_King/TrashKingProto_2_0/Saved/Config/Windows/Engine.ini]
[2020.11.07-04.51.55:819][  0]LogConfig: Applying CVar settings from Section [ViewDistanceQuality@3] File [C:/Users/xlr8o/OneDrive/Documents/Interactive Game Design/Trash_King/TrashKingProto_2_0/Saved/Config/Windows/Scalability.ini]
[2020.11.07-04.51.55:819][  0]LogConfig: Setting CVar [[r.SkeletalMeshLODBias:0]]
[2020.11.07-04.51.55:819][  0]LogConfig: Setting CVar [[r.ViewDistanceScale:1.0]]
[2020.11.07-04.51.55:819][  0]LogConfig: Applying CVar settings from Section [AntiAliasingQuality@3] File [C:/Users/xlr8o/OneDrive/Documents/Interactive Game Design/Trash_King/TrashKingProto_2_0/Saved/Config/Windows/Scalability.ini]
[2020.11.07-04.51.55:819][  0]LogConfig: Setting CVar [[r.PostProcessAAQuality:4]]
[2020.11.07-04.51.55:819][  0]LogConfig: Applying CVar settings from Section [ShadowQuality@3] File [C:/Users/xlr8o/OneDrive/Documents/Interactive Game Design/Trash_King/TrashKingProto_2_0/Saved/Config/Windows/Scalability.ini]
[2020.11.07-04.51.55:819][  0]LogConfig: Setting CVar [[r.LightFunctionQuality:1]]
[2020.11.07-04.51.55:819][  0]LogConfig: Setting CVar [[r.ShadowQuality:5]]
[2020.11.07-04.51.55:819][  0]LogConfig: Setting CVar [[r.Shadow.CSM.MaxCascades:10]]
[2020.11.07-04.51.55:819][  0]LogConfig: Setting CVar [[r.Shadow.MaxResolution:2048]]
[2020.11.07-04.51.55:819][  0]LogConfig: Setting CVar [[r.Shadow.MaxCSMResolution:2048]]
[2020.11.07-04.51.55:819][  0]LogConfig: Setting CVar [[r.Shadow.RadiusThreshold:0.01]]
[2020.11.07-04.51.55:819][  0]LogConfig: Setting CVar [[r.Shadow.DistanceScale:1.0]]
[2020.11.07-04.51.55:819][  0]LogConfig: Setting CVar [[r.Shadow.CSM.TransitionScale:1.0]]
[2020.11.07-04.51.55:819][  0]LogConfig: Setting CVar [[r.Shadow.PreShadowResolutionFactor:1.0]]
[2020.11.07-04.51.55:819][  0]LogConfig: Setting CVar [[r.DistanceFieldShadowing:1]]
[2020.11.07-04.51.55:819][  0]LogConfig: Setting CVar [[r.DistanceFieldAO:1]]
[2020.11.07-04.51.55:819][  0]LogConfig: Setting CVar [[r.AOQuality:2]]
[2020.11.07-04.51.55:819][  0]LogConfig: Setting CVar [[r.VolumetricFog:1]]
[2020.11.07-04.51.55:819][  0]LogConfig: Setting CVar [[r.VolumetricFog.GridPixelSize:8]]
[2020.11.07-04.51.55:819][  0]LogConfig: Setting CVar [[r.VolumetricFog.GridSizeZ:128]]
[2020.11.07-04.51.55:819][  0]LogConfig: Setting CVar [[r.VolumetricFog.HistoryMissSupersampleCount:4]]
[2020.11.07-04.51.55:819][  0]LogConfig: Setting CVar [[r.LightMaxDrawDistanceScale:1]]
[2020.11.07-04.51.55:819][  0]LogConfig: Setting CVar [[r.CapsuleShadows:1]]
[2020.11.07-04.51.55:819][  0]LogConfig: Applying CVar settings from Section [PostProcessQuality@3] File [C:/Users/xlr8o/OneDrive/Documents/Interactive Game Design/Trash_King/TrashKingProto_2_0/Saved/Config/Windows/Scalability.ini]
[2020.11.07-04.51.55:819][  0]LogConfig: Setting CVar [[r.MotionBlurQuality:4]]
[2020.11.07-04.51.55:819][  0]LogConfig: Setting CVar [[r.AmbientOcclusionMipLevelFactor:0.4]]
[2020.11.07-04.51.55:819][  0]LogConfig: Setting CVar [[r.AmbientOcclusionMaxQuality:100]]
[2020.11.07-04.51.55:819][  0]LogConfig: Setting CVar [[r.AmbientOcclusionLevels:-1]]
[2020.11.07-04.51.55:819][  0]LogConfig: Setting CVar [[r.AmbientOcclusionRadiusScale:1.0]]
[2020.11.07-04.51.55:819][  0]LogConfig: Setting CVar [[r.DepthOfFieldQuality:2]]
[2020.11.07-04.51.55:819][  0]LogConfig: Setting CVar [[r.RenderTargetPoolMin:400]]
[2020.11.07-04.51.55:819][  0]LogConfig: Setting CVar [[r.LensFlareQuality:2]]
[2020.11.07-04.51.55:819][  0]LogConfig: Setting CVar [[r.SceneColorFringeQuality:1]]
[2020.11.07-04.51.55:819][  0]LogConfig: Setting CVar [[r.EyeAdaptationQuality:2]]
[2020.11.07-04.51.55:819][  0]LogConfig: Setting CVar [[r.BloomQuality:5]]
[2020.11.07-04.51.55:819][  0]LogConfig: Setting CVar [[r.FastBlurThreshold:100]]
[2020.11.07-04.51.55:819][  0]LogConfig: Setting CVar [[r.Upscale.Quality:3]]
[2020.11.07-04.51.55:819][  0]LogConfig: Setting CVar [[r.Tonemapper.GrainQuantization:1]]
[2020.11.07-04.51.55:819][  0]LogConfig: Setting CVar [[r.LightShaftQuality:1]]
[2020.11.07-04.51.55:819][  0]LogConfig: Setting CVar [[r.Filter.SizeScale:1]]
[2020.11.07-04.51.55:819][  0]LogConfig: Setting CVar [[r.Tonemapper.Quality:5]]
[2020.11.07-04.51.55:819][  0]LogConfig: Setting CVar [[r.DOF.Gather.AccumulatorQuality:1        ; higher gathering accumulator quality]]
[2020.11.07-04.51.55:819][  0]LogConfig: Setting CVar [[r.DOF.Gather.PostfilterMethod:1          ; Median3x3 postfilering method]]
[2020.11.07-04.51.55:819][  0]LogConfig: Setting CVar [[r.DOF.Gather.EnableBokehSettings:0       ; no bokeh simulation when gathering]]
[2020.11.07-04.51.55:819][  0]LogConfig: Setting CVar [[r.DOF.Gather.RingCount:4                 ; medium number of samples when gathering]]
[2020.11.07-04.51.55:819][  0]LogConfig: Setting CVar [[r.DOF.Scatter.ForegroundCompositing:1    ; additive foreground scattering]]
[2020.11.07-04.51.55:819][  0]LogConfig: Setting CVar [[r.DOF.Scatter.BackgroundCompositing:2    ; additive background scattering]]
[2020.11.07-04.51.55:819][  0]LogConfig: Setting CVar [[r.DOF.Scatter.EnableBokehSettings:1      ; bokeh simulation when scattering]]
[2020.11.07-04.51.55:819][  0]LogConfig: Setting CVar [[r.DOF.Scatter.MaxSpriteRatio:0.1         ; only a maximum of 10% of scattered bokeh]]
[2020.11.07-04.51.55:820][  0]LogConfig: Setting CVar [[r.DOF.Recombine.Quality:1                ; cheap slight out of focus]]
[2020.11.07-04.51.55:820][  0]LogConfig: Setting CVar [[r.DOF.Recombine.EnableBokehSettings:0    ; no bokeh simulation on slight out of focus]]
[2020.11.07-04.51.55:820][  0]LogConfig: Setting CVar [[r.DOF.TemporalAAQuality:1                ; more stable temporal accumulation]]
[2020.11.07-04.51.55:820][  0]LogConfig: Setting CVar [[r.DOF.Kernel.MaxForegroundRadius:0.025]]
[2020.11.07-04.51.55:820][  0]LogConfig: Setting CVar [[r.DOF.Kernel.MaxBackgroundRadius:0.025]]
[2020.11.07-04.51.55:820][  0]LogConfig: Applying CVar settings from Section [TextureQuality@3] File [C:/Users/xlr8o/OneDrive/Documents/Interactive Game Design/Trash_King/TrashKingProto_2_0/Saved/Config/Windows/Scalability.ini]
[2020.11.07-04.51.55:820][  0]LogConfig: Setting CVar [[r.Streaming.MipBias:0]]
[2020.11.07-04.51.55:820][  0]LogConfig: Setting CVar [[r.Streaming.AmortizeCPUToGPUCopy:0]]
[2020.11.07-04.51.55:820][  0]LogConfig: Setting CVar [[r.Streaming.MaxNumTexturesToStreamPerFrame:0]]
[2020.11.07-04.51.55:820][  0]LogConfig: Setting CVar [[r.Streaming.Boost:1]]
[2020.11.07-04.51.55:820][  0]LogConfig: Setting CVar [[r.MaxAnisotropy:8]]
[2020.11.07-04.51.55:820][  0]LogConfig: Setting CVar [[r.VT.MaxAnisotropy:8]]
[2020.11.07-04.51.55:820][  0]LogConfig: Setting CVar [[r.Streaming.LimitPoolSizeToVRAM:0]]
[2020.11.07-04.51.55:820][  0]LogConfig: Setting CVar [[r.Streaming.PoolSize:1000]]
[2020.11.07-04.51.55:820][  0]LogConfig: Setting CVar [[r.Streaming.MaxEffectiveScreenSize:0]]
[2020.11.07-04.51.55:820][  0]LogConfig: Applying CVar settings from Section [EffectsQuality@3] File [C:/Users/xlr8o/OneDrive/Documents/Interactive Game Design/Trash_King/TrashKingProto_2_0/Saved/Config/Windows/Scalability.ini]
[2020.11.07-04.51.55:820][  0]LogConfig: Setting CVar [[r.TranslucencyLightingVolumeDim:64]]
[2020.11.07-04.51.55:820][  0]LogConfig: Setting CVar [[r.RefractionQuality:2]]
[2020.11.07-04.51.55:820][  0]LogConfig: Setting CVar [[r.SSR.Quality:3]]
[2020.11.07-04.51.55:820][  0]LogConfig: Setting CVar [[r.SSR.HalfResSceneColor:0]]
[2020.11.07-04.51.55:820][  0]LogConfig: Setting CVar [[r.SceneColorFormat:4]]
[2020.11.07-04.51.55:820][  0]LogConfig: Setting CVar [[r.DetailMode:2]]
[2020.11.07-04.51.55:820][  0]LogConfig: Setting CVar [[r.TranslucencyVolumeBlur:1]]
[2020.11.07-04.51.55:820][  0]LogConfig: Setting CVar [[r.MaterialQualityLevel:1 ; High quality]]
[2020.11.07-04.51.55:820][  0]LogConfig: Setting CVar [[r.SSS.Scale:1]]
[2020.11.07-04.51.55:820][  0]LogConfig: Setting CVar [[r.SSS.SampleSet:2]]
[2020.11.07-04.51.55:820][  0]LogConfig: Setting CVar [[r.SSS.Quality:1]]
[2020.11.07-04.51.55:820][  0]LogConfig: Setting CVar [[r.SSS.HalfRes:0]]
[2020.11.07-04.51.55:820][  0]LogConfig: Setting CVar [[r.SSGI.Quality:3]]
[2020.11.07-04.51.55:820][  0]LogConfig: Setting CVar [[r.EmitterSpawnRateScale:1.0]]
[2020.11.07-04.51.55:820][  0]LogConfig: Setting CVar [[r.ParticleLightQuality:2]]
[2020.11.07-04.51.55:820][  0]LogConfig: Setting CVar [[r.SkyAtmosphere.AerialPerspectiveLUT.FastApplyOnOpaque:1 ; Always have FastSkyLUT 1 in this case to avoid wrong sky]]
[2020.11.07-04.51.55:820][  0]LogConfig: Setting CVar [[r.SkyAtmosphere.AerialPerspectiveLUT.SampleCountPerSlice:1]]
[2020.11.07-04.51.55:820][  0]LogConfig: Setting CVar [[r.SkyAtmosphere.AerialPerspectiveLUT.DepthResolution:16.0]]
[2020.11.07-04.51.55:820][  0]LogConfig: Setting CVar [[r.SkyAtmosphere.FastSkyLUT:1]]
[2020.11.07-04.51.55:820][  0]LogConfig: Setting CVar [[r.SkyAtmosphere.FastSkyLUT.SampleCountMin:4.0]]
[2020.11.07-04.51.55:820][  0]LogConfig: Setting CVar [[r.SkyAtmosphere.FastSkyLUT.SampleCountMax:32.0]]
[2020.11.07-04.51.55:820][  0]LogConfig: Setting CVar [[r.SkyAtmosphere.SampleCountMin:4.0]]
[2020.11.07-04.51.55:820][  0]LogConfig: Setting CVar [[r.SkyAtmosphere.SampleCountMax:32.0]]
[2020.11.07-04.51.55:820][  0]LogConfig: Setting CVar [[r.SkyAtmosphere.TransmittanceLUT.UseSmallFormat:0]]
[2020.11.07-04.51.55:820][  0]LogConfig: Setting CVar [[r.SkyAtmosphere.TransmittanceLUT.SampleCount:10.0]]
[2020.11.07-04.51.55:820][  0]LogConfig: Setting CVar [[r.SkyAtmosphere.MultiScatteringLUT.SampleCount:15.0]]
[2020.11.07-04.51.55:820][  0]LogConfig: Applying CVar settings from Section [FoliageQuality@3] File [C:/Users/xlr8o/OneDrive/Documents/Interactive Game Design/Trash_King/TrashKingProto_2_0/Saved/Config/Windows/Scalability.ini]
[2020.11.07-04.51.55:820][  0]LogConfig: Setting CVar [[foliage.DensityScale:1.0]]
[2020.11.07-04.51.55:820][  0]LogConfig: Setting CVar [[grass.DensityScale:1.0]]
[2020.11.07-04.51.55:820][  0]LogConfig: Applying CVar settings from Section [ShadingQuality@3] File [C:/Users/xlr8o/OneDrive/Documents/Interactive Game Design/Trash_King/TrashKingProto_2_0/Saved/Config/Windows/Scalability.ini]
[2020.11.07-04.51.55:820][  0]LogConfig: Setting CVar [[r.HairStrands.SkyLighting.SampleCount:16]]
[2020.11.07-04.51.55:820][  0]LogConfig: Setting CVar [[r.HairStrands.SkyLighting.JitterIntegration:0]]
[2020.11.07-04.51.55:820][  0]LogConfig: Setting CVar [[r.HairStrands.SkyAO.SampleCount:16]]
[2020.11.07-04.51.55:820][  0]LogConfig: Setting CVar [[r.HairStrands.DeepShadow.SuperSampling:0]]
[2020.11.07-04.51.55:820][  0]LogConfig: Setting CVar [[r.HairStrands.VisibilityPPLL:0]]
[2020.11.07-04.51.55:820][  0]LogConfig: Setting CVar [[r.HairStrands.RasterizationScale:0.5]]
[2020.11.07-04.51.55:820][  0]LogConfig: Setting CVar [[r.HairStrands.VelocityRasterizationScale:1]]
[2020.11.07-04.51.55:820][  0]LogInit: Selected Device Profile: [Windows]
[2020.11.07-04.51.55:820][  0]LogInit: Applying CVar settings loaded from the selected device profile: [Windows]
[2020.11.07-04.51.55:820][  0]LogHAL: Display: Platform has ~ 16 GB [17108643840 / 17179869184 / 16], which maps to Larger [LargestMinGB=32, LargerMinGB=12, DefaultMinGB=8, SmallerMinGB=6, SmallestMinGB=0)
[2020.11.07-04.51.55:820][  0]LogInit: Going up to parent DeviceProfile []
[2020.11.07-04.51.55:820][  0]LogConfig: Applying CVar settings from Section [ViewDistanceQuality@3] File [C:/Users/xlr8o/OneDrive/Documents/Interactive Game Design/Trash_King/TrashKingProto_2_0/Saved/Config/Windows/Scalability.ini]
[2020.11.07-04.51.55:820][  0]LogConfig: Setting CVar [[r.SkeletalMeshLODBias:0]]
[2020.11.07-04.51.55:821][  0]LogConfig: Setting CVar [[r.ViewDistanceScale:1.0]]
[2020.11.07-04.51.55:821][  0]LogConfig: Applying CVar settings from Section [AntiAliasingQuality@3] File [C:/Users/xlr8o/OneDrive/Documents/Interactive Game Design/Trash_King/TrashKingProto_2_0/Saved/Config/Windows/Scalability.ini]
[2020.11.07-04.51.55:821][  0]LogConfig: Setting CVar [[r.PostProcessAAQuality:4]]
[2020.11.07-04.51.55:821][  0]LogConfig: Applying CVar settings from Section [ShadowQuality@3] File [C:/Users/xlr8o/OneDrive/Documents/Interactive Game Design/Trash_King/TrashKingProto_2_0/Saved/Config/Windows/Scalability.ini]
[2020.11.07-04.51.55:821][  0]LogConfig: Setting CVar [[r.LightFunctionQuality:1]]
[2020.11.07-04.51.55:821][  0]LogConfig: Setting CVar [[r.ShadowQuality:5]]
[2020.11.07-04.51.55:821][  0]LogConfig: Setting CVar [[r.Shadow.CSM.MaxCascades:10]]
[2020.11.07-04.51.55:821][  0]LogConfig: Setting CVar [[r.Shadow.MaxResolution:2048]]
[2020.11.07-04.51.55:821][  0]LogConfig: Setting CVar [[r.Shadow.MaxCSMResolution:2048]]
[2020.11.07-04.51.55:821][  0]LogConfig: Setting CVar [[r.Shadow.RadiusThreshold:0.01]]
[2020.11.07-04.51.55:821][  0]LogConfig: Setting CVar [[r.Shadow.DistanceScale:1.0]]
[2020.11.07-04.51.55:821][  0]LogConfig: Setting CVar [[r.Shadow.CSM.TransitionScale:1.0]]
[2020.11.07-04.51.55:821][  0]LogConfig: Setting CVar [[r.Shadow.PreShadowResolutionFactor:1.0]]
[2020.11.07-04.51.55:821][  0]LogConfig: Setting CVar [[r.DistanceFieldShadowing:1]]
[2020.11.07-04.51.55:821][  0]LogConfig: Setting CVar [[r.DistanceFieldAO:1]]
[2020.11.07-04.51.55:821][  0]LogConfig: Setting CVar [[r.AOQuality:2]]
[2020.11.07-04.51.55:821][  0]LogConfig: Setting CVar [[r.VolumetricFog:1]]
[2020.11.07-04.51.55:821][  0]LogConfig: Setting CVar [[r.VolumetricFog.GridPixelSize:8]]
[2020.11.07-04.51.55:821][  0]LogConfig: Setting CVar [[r.VolumetricFog.GridSizeZ:128]]
[2020.11.07-04.51.55:821][  0]LogConfig: Setting CVar [[r.VolumetricFog.HistoryMissSupersampleCount:4]]
[2020.11.07-04.51.55:821][  0]LogConfig: Setting CVar [[r.LightMaxDrawDistanceScale:1]]
[2020.11.07-04.51.55:821][  0]LogConfig: Setting CVar [[r.CapsuleShadows:1]]
[2020.11.07-04.51.55:821][  0]LogConfig: Applying CVar settings from Section [PostProcessQuality@3] File [C:/Users/xlr8o/OneDrive/Documents/Interactive Game Design/Trash_King/TrashKingProto_2_0/Saved/Config/Windows/Scalability.ini]
[2020.11.07-04.51.55:821][  0]LogConfig: Setting CVar [[r.MotionBlurQuality:4]]
[2020.11.07-04.51.55:821][  0]LogConfig: Setting CVar [[r.AmbientOcclusionMipLevelFactor:0.4]]
[2020.11.07-04.51.55:821][  0]LogConfig: Setting CVar [[r.AmbientOcclusionMaxQuality:100]]
[2020.11.07-04.51.55:821][  0]LogConfig: Setting CVar [[r.AmbientOcclusionLevels:-1]]
[2020.11.07-04.51.55:821][  0]LogConfig: Setting CVar [[r.AmbientOcclusionRadiusScale:1.0]]
[2020.11.07-04.51.55:821][  0]LogConfig: Setting CVar [[r.DepthOfFieldQuality:2]]
[2020.11.07-04.51.55:821][  0]LogConfig: Setting CVar [[r.RenderTargetPoolMin:400]]
[2020.11.07-04.51.55:821][  0]LogConfig: Setting CVar [[r.LensFlareQuality:2]]
[2020.11.07-04.51.55:821][  0]LogConfig: Setting CVar [[r.SceneColorFringeQuality:1]]
[2020.11.07-04.51.55:821][  0]LogConfig: Setting CVar [[r.EyeAdaptationQuality:2]]
[2020.11.07-04.51.55:821][  0]LogConfig: Setting CVar [[r.BloomQuality:5]]
[2020.11.07-04.51.55:821][  0]LogConfig: Setting CVar [[r.FastBlurThreshold:100]]
[2020.11.07-04.51.55:821][  0]LogConfig: Setting CVar [[r.Upscale.Quality:3]]
[2020.11.07-04.51.55:821][  0]LogConfig: Setting CVar [[r.Tonemapper.GrainQuantization:1]]
[2020.11.07-04.51.55:821][  0]LogConfig: Setting CVar [[r.LightShaftQuality:1]]
[2020.11.07-04.51.55:821][  0]LogConfig: Setting CVar [[r.Filter.SizeScale:1]]
[2020.11.07-04.51.55:821][  0]LogConfig: Setting CVar [[r.Tonemapper.Quality:5]]
[2020.11.07-04.51.55:821][  0]LogConfig: Setting CVar [[r.DOF.Gather.AccumulatorQuality:1        ; higher gathering accumulator quality]]
[2020.11.07-04.51.55:821][  0]LogConfig: Setting CVar [[r.DOF.Gather.PostfilterMethod:1          ; Median3x3 postfilering method]]
[2020.11.07-04.51.55:821][  0]LogConfig: Setting CVar [[r.DOF.Gather.EnableBokehSettings:0       ; no bokeh simulation when gathering]]
[2020.11.07-04.51.55:821][  0]LogConfig: Setting CVar [[r.DOF.Gather.RingCount:4                 ; medium number of samples when gathering]]
[2020.11.07-04.51.55:821][  0]LogConfig: Setting CVar [[r.DOF.Scatter.ForegroundCompositing:1    ; additive foreground scattering]]
[2020.11.07-04.51.55:821][  0]LogConfig: Setting CVar [[r.DOF.Scatter.BackgroundCompositing:2    ; additive background scattering]]
[2020.11.07-04.51.55:821][  0]LogConfig: Setting CVar [[r.DOF.Scatter.EnableBokehSettings:1      ; bokeh simulation when scattering]]
[2020.11.07-04.51.55:821][  0]LogConfig: Setting CVar [[r.DOF.Scatter.MaxSpriteRatio:0.1         ; only a maximum of 10% of scattered bokeh]]
[2020.11.07-04.51.55:821][  0]LogConfig: Setting CVar [[r.DOF.Recombine.Quality:1                ; cheap slight out of focus]]
[2020.11.07-04.51.55:821][  0]LogConfig: Setting CVar [[r.DOF.Recombine.EnableBokehSettings:0    ; no bokeh simulation on slight out of focus]]
[2020.11.07-04.51.55:821][  0]LogConfig: Setting CVar [[r.DOF.TemporalAAQuality:1                ; more stable temporal accumulation]]
[2020.11.07-04.51.55:821][  0]LogConfig: Setting CVar [[r.DOF.Kernel.MaxForegroundRadius:0.025]]
[2020.11.07-04.51.55:821][  0]LogConfig: Setting CVar [[r.DOF.Kernel.MaxBackgroundRadius:0.025]]
[2020.11.07-04.51.55:821][  0]LogConfig: Applying CVar settings from Section [TextureQuality@3] File [C:/Users/xlr8o/OneDrive/Documents/Interactive Game Design/Trash_King/TrashKingProto_2_0/Saved/Config/Windows/Scalability.ini]
[2020.11.07-04.51.55:821][  0]LogConfig: Setting CVar [[r.Streaming.MipBias:0]]
[2020.11.07-04.51.55:821][  0]LogConfig: Setting CVar [[r.Streaming.AmortizeCPUToGPUCopy:0]]
[2020.11.07-04.51.55:821][  0]LogConfig: Setting CVar [[r.Streaming.MaxNumTexturesToStreamPerFrame:0]]
[2020.11.07-04.51.55:821][  0]LogConfig: Setting CVar [[r.Streaming.Boost:1]]
[2020.11.07-04.51.55:821][  0]LogConfig: Setting CVar [[r.MaxAnisotropy:8]]
[2020.11.07-04.51.55:821][  0]LogConfig: Setting CVar [[r.VT.MaxAnisotropy:8]]
[2020.11.07-04.51.55:821][  0]LogConfig: Setting CVar [[r.Streaming.LimitPoolSizeToVRAM:0]]
[2020.11.07-04.51.55:821][  0]LogConfig: Setting CVar [[r.Streaming.PoolSize:1000]]
[2020.11.07-04.51.55:821][  0]LogConfig: Setting CVar [[r.Streaming.MaxEffectiveScreenSize:0]]
[2020.11.07-04.51.55:821][  0]LogConfig: Applying CVar settings from Section [EffectsQuality@3] File [C:/Users/xlr8o/OneDrive/Documents/Interactive Game Design/Trash_King/TrashKingProto_2_0/Saved/Config/Windows/Scalability.ini]
[2020.11.07-04.51.55:821][  0]LogConfig: Setting CVar [[r.TranslucencyLightingVolumeDim:64]]
[2020.11.07-04.51.55:821][  0]LogConfig: Setting CVar [[r.RefractionQuality:2]]
[2020.11.07-04.51.55:821][  0]LogConfig: Setting CVar [[r.SSR.Quality:3]]
[2020.11.07-04.51.55:821][  0]LogConfig: Setting CVar [[r.SSR.HalfResSceneColor:0]]
[2020.11.07-04.51.55:821][  0]LogConfig: Setting CVar [[r.SceneColorFormat:4]]
[2020.11.07-04.51.55:821][  0]LogConfig: Setting CVar [[r.DetailMode:2]]
[2020.11.07-04.51.55:822][  0]LogConfig: Setting CVar [[r.TranslucencyVolumeBlur:1]]
[2020.11.07-04.51.55:822][  0]LogConfig: Setting CVar [[r.MaterialQualityLevel:1 ; High quality]]
[2020.11.07-04.51.55:822][  0]LogConfig: Setting CVar [[r.SSS.Scale:1]]
[2020.11.07-04.51.55:822][  0]LogConfig: Setting CVar [[r.SSS.SampleSet:2]]
[2020.11.07-04.51.55:822][  0]LogConfig: Setting CVar [[r.SSS.Quality:1]]
[2020.11.07-04.51.55:822][  0]LogConfig: Setting CVar [[r.SSS.HalfRes:0]]
[2020.11.07-04.51.55:822][  0]LogConfig: Setting CVar [[r.SSGI.Quality:3]]
[2020.11.07-04.51.55:822][  0]LogConfig: Setting CVar [[r.EmitterSpawnRateScale:1.0]]
[2020.11.07-04.51.55:822][  0]LogConfig: Setting CVar [[r.ParticleLightQuality:2]]
[2020.11.07-04.51.55:822][  0]LogConfig: Setting CVar [[r.SkyAtmosphere.AerialPerspectiveLUT.FastApplyOnOpaque:1 ; Always have FastSkyLUT 1 in this case to avoid wrong sky]]
[2020.11.07-04.51.55:822][  0]LogConfig: Setting CVar [[r.SkyAtmosphere.AerialPerspectiveLUT.SampleCountPerSlice:1]]
[2020.11.07-04.51.55:822][  0]LogConfig: Setting CVar [[r.SkyAtmosphere.AerialPerspectiveLUT.DepthResolution:16.0]]
[2020.11.07-04.51.55:822][  0]LogConfig: Setting CVar [[r.SkyAtmosphere.FastSkyLUT:1]]
[2020.11.07-04.51.55:822][  0]LogConfig: Setting CVar [[r.SkyAtmosphere.FastSkyLUT.SampleCountMin:4.0]]
[2020.11.07-04.51.55:822][  0]LogConfig: Setting CVar [[r.SkyAtmosphere.FastSkyLUT.SampleCountMax:32.0]]
[2020.11.07-04.51.55:822][  0]LogConfig: Setting CVar [[r.SkyAtmosphere.SampleCountMin:4.0]]
[2020.11.07-04.51.55:822][  0]LogConfig: Setting CVar [[r.SkyAtmosphere.SampleCountMax:32.0]]
[2020.11.07-04.51.55:822][  0]LogConfig: Setting CVar [[r.SkyAtmosphere.TransmittanceLUT.UseSmallFormat:0]]
[2020.11.07-04.51.55:822][  0]LogConfig: Setting CVar [[r.SkyAtmosphere.TransmittanceLUT.SampleCount:10.0]]
[2020.11.07-04.51.55:822][  0]LogConfig: Setting CVar [[r.SkyAtmosphere.MultiScatteringLUT.SampleCount:15.0]]
[2020.11.07-04.51.55:822][  0]LogConfig: Applying CVar settings from Section [FoliageQuality@3] File [C:/Users/xlr8o/OneDrive/Documents/Interactive Game Design/Trash_King/TrashKingProto_2_0/Saved/Config/Windows/Scalability.ini]
[2020.11.07-04.51.55:822][  0]LogConfig: Setting CVar [[foliage.DensityScale:1.0]]
[2020.11.07-04.51.55:822][  0]LogConfig: Setting CVar [[grass.DensityScale:1.0]]
[2020.11.07-04.51.55:822][  0]LogConfig: Applying CVar settings from Section [ShadingQuality@3] File [C:/Users/xlr8o/OneDrive/Documents/Interactive Game Design/Trash_King/TrashKingProto_2_0/Saved/Config/Windows/Scalability.ini]
[2020.11.07-04.51.55:822][  0]LogConfig: Setting CVar [[r.HairStrands.SkyLighting.SampleCount:16]]
[2020.11.07-04.51.55:822][  0]LogConfig: Setting CVar [[r.HairStrands.SkyLighting.JitterIntegration:0]]
[2020.11.07-04.51.55:822][  0]LogConfig: Setting CVar [[r.HairStrands.SkyAO.SampleCount:16]]
[2020.11.07-04.51.55:822][  0]LogConfig: Setting CVar [[r.HairStrands.DeepShadow.SuperSampling:0]]
[2020.11.07-04.51.55:822][  0]LogConfig: Setting CVar [[r.HairStrands.VisibilityPPLL:0]]
[2020.11.07-04.51.55:822][  0]LogConfig: Setting CVar [[r.HairStrands.RasterizationScale:0.5]]
[2020.11.07-04.51.55:822][  0]LogConfig: Setting CVar [[r.HairStrands.VelocityRasterizationScale:1]]
[2020.11.07-04.51.55:822][  0]LogConfig: Applying CVar settings from Section [Startup] File [../../../Engine/Config/ConsoleVariables.ini]
[2020.11.07-04.51.55:822][  0]LogConfig: Setting CVar [[net.UseAdaptiveNetUpdateFrequency:0]]
[2020.11.07-04.51.55:823][  0]LogConfig: Setting CVar [[p.chaos.AllowCreatePhysxBodies:1]]
[2020.11.07-04.51.55:823][  0]LogConfig: Setting CVar [[fx.SkipVectorVMBackendOptimizations:1]]
[2020.11.07-04.51.55:823][  0]LogConfig: Applying CVar settings from Section [ConsoleVariables] File [C:/Users/xlr8o/OneDrive/Documents/Interactive Game Design/Trash_King/TrashKingProto_2_0/Saved/Config/Windows/Engine.ini]
[2020.11.07-04.51.55:823][  0]LogInit: Computer: DESKTOP-PRQBISD
[2020.11.07-04.51.55:823][  0]LogInit: User: xlr8o
[2020.11.07-04.51.55:823][  0]LogInit: CPU Page size=4096, Cores=6
[2020.11.07-04.51.55:823][  0]LogInit: High frequency timer resolution =10.000000 MHz
[2020.11.07-04.51.55:823][  0]LogMemory: Memory total: Physical=15.9GB (16GB approx)
[2020.11.07-04.51.55:823][  0]LogMemory: Platform Memory Stats for Windows
[2020.11.07-04.51.55:823][  0]LogMemory: Process Physical Memory: 117.19 MB used, 117.20 MB peak
[2020.11.07-04.51.55:823][  0]LogMemory: Process Virtual Memory: 107.07 MB used, 107.07 MB peak
[2020.11.07-04.51.55:823][  0]LogMemory: Physical Memory: 10911.43 MB used,  5404.64 MB free, 16316.07 MB total
[2020.11.07-04.51.55:823][  0]LogMemory: Virtual Memory: 5176.82 MB used,  134212552.00 MB free, 134217728.00 MB total
[2020.11.07-04.51.55:834][  0]LogWindows: WindowsPlatformFeatures enabled
[2020.11.07-04.51.55:893][  0]LogInit: Physics initialised using underlying interface: PhysX
[2020.11.07-04.51.55:894][  0]LogInit: Using OS detected language (en-US).
[2020.11.07-04.51.55:894][  0]LogInit: Using OS detected locale (en-US).
[2020.11.07-04.51.55:901][  0]LogTextLocalizationManager: No specific localization for 'en-US' exists, so the 'en' localization will be used.
[2020.11.07-04.51.56:143][  0]LogInit: Setting process to per monitor DPI aware
[2020.11.07-04.51.56:202][  0]LogSlate: New Slate User Created.  User Index 0, Is Virtual User: 0
[2020.11.07-04.51.56:202][  0]LogSlate: Slate User Registered.  User Index 0, Is Virtual User: 0
[2020.11.07-04.51.56:584][  0]LogHMD: Failed to initialize OpenVR with code 110
[2020.11.07-04.51.56:584][  0]LogD3D11RHI: D3D11 min allowed feature level: 11_0
[2020.11.07-04.51.56:584][  0]LogD3D11RHI: D3D11 max allowed feature level: 11_0
[2020.11.07-04.51.56:584][  0]LogD3D11RHI: D3D11 adapters:
[2020.11.07-04.51.56:704][  0]LogD3D11RHI:    0. 'NVIDIA GeForce GTX 1660 Ti' (Feature Level 11_0)
[2020.11.07-04.51.56:704][  0]LogD3D11RHI:       5991/0/8158 MB DedicatedVideo/DedicatedSystem/SharedSystem, Outputs:1, VendorId:0x10de
[2020.11.07-04.51.56:707][  0]LogD3D11RHI:    1. 'Microsoft Basic Render Driver' (Feature Level 11_0)
[2020.11.07-04.51.56:707][  0]LogD3D11RHI:       0/0/8158 MB DedicatedVideo/DedicatedSystem/SharedSystem, Outputs:0, VendorId:0x1414
[2020.11.07-04.51.56:707][  0]LogD3D11RHI: Chosen D3D11 Adapter: 0
[2020.11.07-04.51.56:721][  0]LogD3D11RHI: Creating new Direct3DDevice
[2020.11.07-04.51.56:721][  0]LogD3D11RHI:     GPU DeviceId: 0x2182 (for the marketing name, search the web for "GPU Device Id")
[2020.11.07-04.51.56:721][  0]LogWindows: EnumDisplayDevices:
[2020.11.07-04.51.56:722][  0]LogWindows:    0. 'NVIDIA GeForce GTX 1660 Ti' (P:1 D:1)
[2020.11.07-04.51.56:722][  0]LogWindows:    1. 'NVIDIA GeForce GTX 1660 Ti' (P:0 D:0)
[2020.11.07-04.51.56:723][  0]LogWindows:    2. 'NVIDIA GeForce GTX 1660 Ti' (P:0 D:0)
[2020.11.07-04.51.56:723][  0]LogWindows:    3. 'NVIDIA GeForce GTX 1660 Ti' (P:0 D:0)
[2020.11.07-04.51.56:723][  0]LogWindows: DebugString: FoundDriverCount:4 
[2020.11.07-04.51.56:723][  0]LogD3D11RHI:     Adapter Name: NVIDIA GeForce GTX 1660 Ti
[2020.11.07-04.51.56:723][  0]LogD3D11RHI:   Driver Version: 442.74 (internal:26.21.14.4274, unified:442.74)
[2020.11.07-04.51.56:723][  0]LogD3D11RHI:      Driver Date: 3-13-2020
[2020.11.07-04.51.56:723][  0]LogRHI: Texture pool is 4193 MB (70% of 5991 MB)
[2020.11.07-04.51.56:812][  0]LogD3D11RHI: RHI has support for 64 bit atomics
[2020.11.07-04.51.56:814][  0]LogD3D11RHI: [Aftermath] Enabled and primed
[2020.11.07-04.51.56:815][  0]LogD3D11RHI: Async texture creation enabled
[2020.11.07-04.51.56:815][  0]LogD3D11RHI: Array index from any shader is supported
[2020.11.07-04.51.56:851][  0]LogD3D11RHI: GPU Timing Frequency: 1000.000000 (Debug: 2 2)
[2020.11.07-04.51.57:234][  0]LogTargetPlatformManager: Display: Loaded TargetPlatform 'AllDesktop'
[2020.11.07-04.51.57:268][  0]LogTargetPlatformManager: Display: Loaded TargetPlatform 'Android'
[2020.11.07-04.51.57:268][  0]LogTargetPlatformManager: Display: Loaded TargetPlatform 'Android_ASTC'
[2020.11.07-04.51.57:268][  0]LogTargetPlatformManager: Display: Loaded TargetPlatform 'Android_DXT'
[2020.11.07-04.51.57:268][  0]LogTargetPlatformManager: Display: Loaded TargetPlatform 'Android_ETC2'
[2020.11.07-04.51.57:268][  0]LogTargetPlatformManager: Display: Loaded TargetPlatform 'AndroidClient'
[2020.11.07-04.51.57:268][  0]LogTargetPlatformManager: Display: Loaded TargetPlatform 'Android_ASTCClient'
[2020.11.07-04.51.57:268][  0]LogTargetPlatformManager: Display: Loaded TargetPlatform 'Android_DXTClient'
[2020.11.07-04.51.57:268][  0]LogTargetPlatformManager: Display: Loaded TargetPlatform 'Android_ETC2Client'
[2020.11.07-04.51.57:268][  0]LogTargetPlatformManager: Display: Loaded TargetPlatform 'Android_Multi'
[2020.11.07-04.51.57:268][  0]LogTargetPlatformManager: Display: Loaded TargetPlatform 'Android_MultiClient'
[2020.11.07-04.51.57:311][  0]LogTargetPlatformManager: Display: Loaded TargetPlatform 'IOSClient'
[2020.11.07-04.51.57:311][  0]LogTargetPlatformManager: Display: Loaded TargetPlatform 'IOS'
[2020.11.07-04.51.57:330][  0]LogTargetPlatformManager: Display: Loaded TargetPlatform 'Linux'
[2020.11.07-04.51.57:346][  0]LogTargetPlatformManager: Display: Loaded TargetPlatform 'LinuxNoEditor'
[2020.11.07-04.51.57:363][  0]LogTargetPlatformManager: Display: Loaded TargetPlatform 'LinuxClient'
[2020.11.07-04.51.57:381][  0]LogTargetPlatformManager: Display: Loaded TargetPlatform 'LinuxServer'
[2020.11.07-04.51.57:397][  0]LogTargetPlatformManager: Display: Loaded TargetPlatform 'LinuxAArch64NoEditor'
[2020.11.07-04.51.57:413][  0]LogTargetPlatformManager: Display: Loaded TargetPlatform 'LinuxAArch64Client'
[2020.11.07-04.51.57:428][  0]LogTargetPlatformManager: Display: Loaded TargetPlatform 'LinuxAArch64Server'
[2020.11.07-04.51.57:479][  0]LogTargetPlatformManager: Display: Loaded TargetPlatform 'Lumin'
[2020.11.07-04.51.57:479][  0]LogTargetPlatformManager: Display: Loaded TargetPlatform 'LuminClient'
[2020.11.07-04.51.57:509][  0]LogTargetPlatformManager: Display: Loaded TargetPlatform 'TVOSClient'
[2020.11.07-04.51.57:509][  0]LogTargetPlatformManager: Display: Loaded TargetPlatform 'TVOS'
[2020.11.07-04.51.57:526][  0]LogTargetPlatformManager: Display: Loaded TargetPlatform 'WindowsNoEditor'
[2020.11.07-04.51.57:546][  0]LogTargetPlatformManager: Display: Loaded TargetPlatform 'Windows'
[2020.11.07-04.51.57:562][  0]LogTargetPlatformManager: Display: Loaded TargetPlatform 'WindowsClient'
[2020.11.07-04.51.57:577][  0]LogTargetPlatformManager: Display: Loaded TargetPlatform 'WindowsServer'
[2020.11.07-04.51.57:577][  0]LogTargetPlatformManager: Display: Building Assets For Windows
[2020.11.07-04.51.57:590][  0]LogAudioDebug: Display: Lib vorbis DLL was dynamically loaded.
[2020.11.07-04.51.57:698][  0]LogShaderCompilers: Guid format shader working directory is -57 characters bigger than the processId version (../../../../../../Users/xlr8o/OneDrive/Documents/Interactive Game Design/Trash_King/TrashKingProto_2_0/Intermediate/Shaders/WorkingDirectory/28384/).
[2020.11.07-04.51.57:698][  0]LogShaderCompilers: Cleaned the shader compiler working directory 'C:/Users/xlr8o/AppData/Local/Temp/UnrealShaderWorkingDir/F486D5F74691310FEB53C6968C0694E7/'.
[2020.11.07-04.51.57:699][  0]LogXGEController: Cannot use XGE Controller as Incredibuild is not installed on this machine.
[2020.11.07-04.51.57:699][  0]LogShaderCompilers: Cannot use XGE Shader Compiler as Incredibuild is not installed on this machine.
[2020.11.07-04.51.57:699][  0]LogShaderCompilers: Display: Using Local Shader Compiler.
[2020.11.07-04.51.58:785][  0]LogDerivedDataCache: Display: Max Cache Size: 512 MB
[2020.11.07-04.51.58:857][  0]LogDerivedDataCache: Loaded boot cache 0.07s 86MB C:/Users/xlr8o/AppData/Local/UnrealEngine/4.25/DerivedDataCache/Boot.ddc.
[2020.11.07-04.51.58:857][  0]LogDerivedDataCache: Display: Loaded Boot cache: C:/Users/xlr8o/AppData/Local/UnrealEngine/4.25/DerivedDataCache/Boot.ddc
[2020.11.07-04.51.58:857][  0]LogDerivedDataCache: FDerivedDataBackendGraph:  Pak pak cache file ../../../../../../Users/xlr8o/OneDrive/Documents/Interactive Game Design/Trash_King/TrashKingProto_2_0/DerivedDataCache/DDC.ddp not found, will not use a pak cache.
[2020.11.07-04.51.58:857][  0]LogDerivedDataCache: Unable to find inner node Pak for hierarchical cache Hierarchy.
[2020.11.07-04.51.58:857][  0]LogDerivedDataCache: FDerivedDataBackendGraph:  CompressedPak pak cache file ../../../../../../Users/xlr8o/OneDrive/Documents/Interactive Game Design/Trash_King/TrashKingProto_2_0/DerivedDataCache/Compressed.ddp not found, will not use a pak cache.
[2020.11.07-04.51.58:857][  0]LogDerivedDataCache: Unable to find inner node CompressedPak for hierarchical cache Hierarchy.
[2020.11.07-04.51.58:871][  0]LogDerivedDataCache: Display: Pak cache opened for reading ../../../Engine/DerivedDataCache/Compressed.ddp.
[2020.11.07-04.51.58:871][  0]LogDerivedDataCache: FDerivedDataBackendGraph:  EnterprisePak pak cache file ../../../Enterprise/DerivedDataCache/Compressed.ddp not found, will not use a pak cache.
[2020.11.07-04.51.58:871][  0]LogDerivedDataCache: Unable to find inner node EnterprisePak for hierarchical cache Hierarchy.
[2020.11.07-04.51.58:873][  0]LogDerivedDataCache: Using Local data cache path C:/Users/xlr8o/AppData/Local/UnrealEngine/Common/DerivedDataCache: Writable
[2020.11.07-04.51.58:873][  0]LogDerivedDataCache: Shared data cache path not found in *engine.ini, will not use an Shared cache.
[2020.11.07-04.51.58:873][  0]LogDerivedDataCache: Unable to find inner node Shared for hierarchical cache Hierarchy.
[2020.11.07-04.51.58:948][  0]LogSlate: Using FreeType 2.10.0
[2020.11.07-04.51.58:949][  0]LogSlate: SlateFontServices - WITH_FREETYPE: 1, WITH_HARFBUZZ: 1
[2020.11.07-04.51.58:985][  0]LogAssetRegistry: FAssetRegistry took 0.0040 seconds to start up
[2020.11.07-04.51.59:351][  0]LogInit: Selected Device Profile: [Windows]
[2020.11.07-04.51.59:521][  0]LogMeshReduction: Using QuadricMeshReduction for automatic static mesh reduction
[2020.11.07-04.51.59:521][  0]LogMeshReduction: Using SimplygonMeshReduction for automatic skeletal mesh reduction
[2020.11.07-04.51.59:521][  0]LogMeshReduction: Using ProxyLODMeshReduction for automatic mesh merging
[2020.11.07-04.51.59:521][  0]LogMeshReduction: No distributed automatic mesh merging module available
[2020.11.07-04.51.59:521][  0]LogMeshMerging: No distributed automatic mesh merging module available
[2020.11.07-04.51.59:543][  0]LogNetVersion: TrashKingProto_2_0 1.0.0, NetCL: 13144385, EngineNetVer: 14, GameNetVer: 0 (Checksum: 1268755374)
[2020.11.07-04.52.00:164][  0]LogAISub: UAISubsystem::UAISubsystem AISubsystem (000001B23FA39B80), frame # 0
[2020.11.07-04.52.00:164][  0]LogAISub: UAISubsystem::UAISubsystem AIPerceptionSystem (000001B23F9B8A40), frame # 0
[2020.11.07-04.52.00:165][  0]LogAISub: UAISubsystem::UAISubsystem EnvQueryManager (000001B23F9E1200), frame # 0
[2020.11.07-04.52.00:267][  0]LogPackageLocalizationCache: Processed 20 localized package path(s) for 1 prioritized culture(s) in 0.093401 seconds
[2020.11.07-04.52.00:275][  0]LogUObjectArray: 15917 objects as part of root set at end of initial load.
[2020.11.07-04.52.00:275][  0]LogUObjectAllocator: 3965568 out of 0 bytes used by permanent object pool.
[2020.11.07-04.52.00:275][  0]LogUObjectArray: CloseDisregardForGC: 0/0 objects in disregard for GC pool
[2020.11.07-04.52.00:908][  0]LogTcpMessaging: Initializing TcpMessaging bridge
[2020.11.07-04.52.00:915][  0]LogUdpMessaging: Initializing bridge on interface 0.0.0.0:0 to multicast group 230.0.0.1:6666.
[2020.11.07-04.52.00:987][  0]LogLinker: Warning: Failed to load '/Game/ThirdPersonBP/ThirdPersonOverview': Can't find file.
[2020.11.07-04.52.00:987][  0]LogLinker: Warning: Failed to load '/Game/ThirdPersonBP/ThirdPersonOverview': Can't find file.
[2020.11.07-04.52.00:987][  0]LogUObjectGlobals: Warning: Failed to find object 'Class /Game/ThirdPersonBP/ThirdPersonOverview.ThirdPersonOverview_C'
[2020.11.07-04.52.01:050][  0]SourceControl: Source control is disabled
[2020.11.07-04.52.02:329][  0]LogVSAccessor: Display: Unable to create Visual Studio setup instance: 80040154
[2020.11.07-04.52.02:330][  0]LogVSAccessor: Display: Unable to create Visual Studio setup instance: 80040154
[2020.11.07-04.52.02:740][  0]LogAndroidPermission: UAndroidPermissionCallbackProxy::GetInstance
[2020.11.07-04.52.02:775][  0]LogAudioCaptureCore: Display: No Audio Capture implementations found. Audio input will be silent.
[2020.11.07-04.52.02:775][  0]LogAudioCaptureCore: Display: No Audio Capture implementations found. Audio input will be silent.
[2020.11.07-04.52.02:818][  0]LogHoudiniEngine: Starting the Houdini Engine module.
[2020.11.07-04.52.02:819][  0]LogHoudiniEngine: Loaded libHAPIL.dll from Registry path C:/Program Files/Side Effects Software/Houdini 18.0.566/bin
[2020.11.07-04.52.02:820][  0]LogLinker: Warning: Asset '../../Plugins/Runtime/HoudiniEngine/Content/houdini_logo.uasset' has been saved with empty engine version. The asset will be loaded but may be incompatible.
[2020.11.07-04.52.02:822][  0]LogLinker: Warning: Asset '../../Plugins/Runtime/HoudiniEngine/Content/houdini_default_material.uasset' has been saved with empty engine version. The asset will be loaded but may be incompatible.
[2020.11.07-04.52.02:827][  0]LogLinker: Warning: Asset '../../Plugins/Runtime/HoudiniEngine/Content/houdini_bgeo_import.uasset' has been saved with empty engine version. The asset will be loaded but may be incompatible.
[2020.11.07-04.52.02:879][  0]LogOcInput: OculusInput pre-init called
[2020.11.07-04.52.02:897][  0]LogWindows: Failed to load 'OVRPlugin.dll' (GetLastError=126)
[2020.11.07-04.52.02:897][  0]LogWindows: File 'OVRPlugin.dll' does not exist
[2020.11.07-04.52.02:995][  0]LogEngine: Initializing Engine...
[2020.11.07-04.52.02:996][  0]LogHMD: Failed to initialize OpenVR with code 110
[2020.11.07-04.52.02:996][  0]LogMagicLeap: Warning: VR disabled because ZI is not enabled.  To enable, in the editor, Edit -> Project Settings -> Plugins -> Magic Leap Plugin -> Enable Zero Iteration
[2020.11.07-04.52.02:997][  0]LogStats: UGameplayTagsManager::InitializeManager -  0.000 s
[2020.11.07-04.52.03:214][  0]LogInit: Initializing FReadOnlyCVARCache
[2020.11.07-04.52.03:226][  0]LogAIModule: Creating AISystem for world Untitled
[2020.11.07-04.52.03:226][  0]LogAISub: UAISubsystem::UAISubsystem EnvQueryManager (000001B2433F8C00), frame # 0
[2020.11.07-04.52.03:226][  0]LogAISub: UAISubsystem::UAISubsystem AIPerceptionSystem (000001B2433ABB00), frame # 0
[2020.11.07-04.52.03:238][  0]LogAudioMixer: Display: Audio Mixer Platform Settings:
[2020.11.07-04.52.03:238][  0]LogAudioMixer: Display: 	Sample Rate:						  48000
[2020.11.07-04.52.03:238][  0]LogAudioMixer: Display: 	Callback Buffer Frame Size Requested: 1024
[2020.11.07-04.52.03:238][  0]LogAudioMixer: Display: 	Callback Buffer Frame Size To Use:	  1024
[2020.11.07-04.52.03:238][  0]LogAudioMixer: Display: 	Number of buffers to queue:			  2
[2020.11.07-04.52.03:238][  0]LogAudioMixer: Display: 	Max Channels (voices):				  32
[2020.11.07-04.52.03:238][  0]LogAudioMixer: Display: 	Number of Async Source Workers:		  0
[2020.11.07-04.52.03:238][  0]LogAudio: Display: AudioDevice MaxSources: 32
[2020.11.07-04.52.03:239][  0]LogAudio: Display: Using built-in audio occlusion.
[2020.11.07-04.52.03:239][  0]LogAudioMixer: Display: Initializing audio mixer.
[2020.11.07-04.52.03:259][  0]LogAudioMixer: Display: 0: FrontLeft
[2020.11.07-04.52.03:259][  0]LogAudioMixer: Display: 1: FrontRight
[2020.11.07-04.52.03:307][  0]LogAudioMixer: Display: Using Audio Device Speakers (Realtek High Definition Audio)
[2020.11.07-04.52.03:310][  0]LogAudioMixer: Display: Initializing Sound Submixes...
[2020.11.07-04.52.03:314][  0]LogAudioMixer: Display: Creating Master Submix 'MasterSubmixDefault'
[2020.11.07-04.52.03:314][  0]LogAudioMixer: Display: Creating Master Submix 'MasterReverbSubmixDefault'
[2020.11.07-04.52.03:315][  0]LogAudioMixer: Display: Creating Master Submix 'MasterEQSubmixDefault'
[2020.11.07-04.52.03:316][  0]LogInit: FAudioDevice initialized.
[2020.11.07-04.52.03:317][  0]LogNetVersion: Set ProjectVersion to 3.3.1. Version Checksum will be recalculated on next use.
[2020.11.07-04.52.03:434][  0]LogDerivedDataCache: Saved boot cache 0.12s 94MB C:/Users/xlr8o/AppData/Local/UnrealEngine/4.25/DerivedDataCache/Boot.ddc.
[2020.11.07-04.52.03:439][  0]LogInit: Texture streaming: Enabled
[2020.11.07-04.52.03:468][  0]LogEngineSessionManager: EngineSessionManager initialized
[2020.11.07-04.52.03:468][  0]LogEditorSessionSummary: Verbose: Initializing EditorSessionSummaryWriter for editor session tracking
[2020.11.07-04.52.03:475][  0]LogEditorSessionSummary: EditorSessionSummaryWriter initialized
[2020.11.07-04.52.03:562][  0]LogInit: Transaction tracking system initialized
[2020.11.07-04.52.03:600][  0]BlueprintLog: New page: Editor Load
[2020.11.07-04.52.03:722][  0]LocalizationService: Localization service is disabled
[2020.11.07-04.52.03:852][  0]LogVSAccessor: Display: Unable to create Visual Studio setup instance: 80040154
[2020.11.07-04.52.03:855][  0]LogVSAccessor: Display: Unable to create Visual Studio setup instance: 80040154
[2020.11.07-04.52.03:980][  0]LogCook: Display: Max memory allowance for cook 16384mb min free memory 0mb
[2020.11.07-04.52.03:980][  0]LogCook: Display: Mobile HDR setting 1
[2020.11.07-04.52.04:193][  0]LogHoudiniEngineEditor: Starting the Houdini Engine Editor module.
[2020.11.07-04.52.04:195][  0]LogHoudiniEngineEditor: Houdini Engine Editor module startup complete.
[2020.11.07-04.52.04:486][  0]LogUnrealEdMisc: Loading editor; pre map load, took 11.429
[2020.11.07-04.52.04:487][  0]LightingResults: New page: Lighting Build
[2020.11.07-04.52.04:488][  0]LogWorld: UWorld::CleanupWorld for Untitled, bSessionEnded=true, bCleanupResources=true
[2020.11.07-04.52.04:488][  0]LogSlate: InvalidateAllWidgets triggered.  All widgets were invalidated
[2020.11.07-04.52.04:488][  0]MapCheck: New page: Map Check
[2020.11.07-04.52.04:488][  0]LightingResults: New page: Lighting Build
[2020.11.07-04.52.04:502][  0]LogAISub: UAISubsystem::~UAISubsystem EnvQueryManager (000001B2433F8C00), frame # 0
[2020.11.07-04.52.04:502][  0]LogAISub: UAISubsystem::~UAISubsystem AIPerceptionSystem (000001B2433ABB00), frame # 0
[2020.11.07-04.52.04:503][  0]LogUObjectHash: Compacting FUObjectHashTables data took   0.81ms
[2020.11.07-04.52.07:017][  0]LogAIModule: Creating AISystem for world TopDownExampleMap
[2020.11.07-04.52.07:017][  0]LogAISub: UAISubsystem::UAISubsystem EnvQueryManager (000001B24C523E00), frame # 0
[2020.11.07-04.52.07:017][  0]LogAISub: UAISubsystem::UAISubsystem AIPerceptionSystem (000001B24C5B5940), frame # 0
[2020.11.07-04.52.07:054][  0]LogEditorServer: Finished looking for orphan Actors (0.000 secs)
[2020.11.07-04.52.07:056][  0]LogNavigationDataBuild: Display:    Building NavData:  Name Default class /Script/NavigationSystem.RecastNavMesh agent radius 35.0.
[2020.11.07-04.52.07:090][  0]LogUObjectHash: Compacting FUObjectHashTables data took   2.32ms
[2020.11.07-04.52.07:091][  0]Cmd: MAP CHECKDEP NOCLEARLOG
[2020.11.07-04.52.07:091][  0]MapCheck: Map check complete: 0 Error(s), 0 Warning(s), took 0.316ms to complete.
[2020.11.07-04.52.07:091][  0]LogFileHelpers: Loading map 'TopDownExampleMap' took 2.605
[2020.11.07-04.52.07:094][  0]LogUnrealEdMisc: Total Editor Startup Time, took 14.036
[2020.11.07-04.52.07:335][  0]LogSlate: Updating window title bar state: overlay mode, drag disabled, window buttons hidden, title bar hidden
[2020.11.07-04.52.07:351][  0]LogCollectionManager: Loaded 0 collections in 0.003045 seconds
[2020.11.07-04.52.07:374][  0]LogFileCache: Scanning file cache for directory 'C:/Users/xlr8o/OneDrive/Documents/Interactive Game Design/Trash_King/TrashKingProto_2_0/Saved/Collections/' took 0.00s
[2020.11.07-04.52.07:374][  0]LogFileCache: Scanning file cache for directory 'C:/Users/xlr8o/OneDrive/Documents/Interactive Game Design/Trash_King/TrashKingProto_2_0/Content/Developers/xlr8o/Collections/' took 0.00s
[2020.11.07-04.52.07:374][  0]LogFileCache: Scanning file cache for directory 'C:/Users/xlr8o/OneDrive/Documents/Interactive Game Design/Trash_King/TrashKingProto_2_0/Content/Collections/' took 0.00s
[2020.11.07-04.52.07:374][  0]LogContentBrowser: Native class hierarchy populated in 0.0148 seconds. Added 3464 classes and 828 folders.
[2020.11.07-04.52.07:378][  0]LogContentBrowser: Native class hierarchy updated for 'WidgetCarousel' in 0.0004 seconds. Added 0 classes and 0 folders.
[2020.11.07-04.52.07:679][  0]LogContentBrowser: Native class hierarchy updated for 'AddContentDialog' in 0.0004 seconds. Added 0 classes and 0 folders.
[2020.11.07-04.52.07:681][  0]LogContentBrowser: Native class hierarchy updated for 'SceneOutliner' in 0.0004 seconds. Added 2 classes and 0 folders.
[2020.11.07-04.52.07:730][  0]LogSlate: Took 0.000346 seconds to synchronously load lazily loaded font '../../../Engine/Content/Slate/Fonts/Roboto-Regular.ttf' (155K)
[2020.11.07-04.52.07:733][  0]LogSlate: Took 0.000308 seconds to synchronously load lazily loaded font '../../../Engine/Content/Slate/Fonts/Roboto-Bold.ttf' (160K)
[2020.11.07-04.52.07:739][  0]LogSlate: Took 0.001085 seconds to synchronously load lazily loaded font '../../../Engine/Content/Editor/Slate/Fonts/FontAwesome.ttf' (139K)
[2020.11.07-04.52.07:841][  0]LogRenderer: Reallocating scene render targets to support 1208x572 Format 10 NumSamples 1 (Frame:1).
[2020.11.07-04.52.07:984][  0]LogContentBrowser: Native class hierarchy updated for 'HierarchicalLODOutliner' in 0.0005 seconds. Added 0 classes and 0 folders.
[2020.11.07-04.52.07:985][  0]LogLoad: (Engine Initialization) Total time: 14.93 seconds
[2020.11.07-04.52.07:985][  0]LogLoad: (Engine Initialization) Total Blueprint compile time: 0.00 seconds
[2020.11.07-04.52.08:054][  0]LogContentStreaming: Texture pool size now 1000 MB
[2020.11.07-04.52.08:067][  0]LogSlate: Took 0.003292 seconds to synchronously load lazily loaded font '../../../Engine/Content/Slate/Fonts/Roboto-Light.ttf' (167K)
[2020.11.07-04.52.08:133][  0]LogSlate: Took 0.000308 seconds to synchronously load lazily loaded font '../../../Engine/Content/Slate/Fonts/Roboto-Light.ttf' (167K)
[2020.11.07-04.52.08:179][  1]LogAssetRegistry: Asset discovery search completed in 9.1955 seconds
[2020.11.07-04.52.08:182][  1]LogCollectionManager: Fixed up redirectors for 0 collections in 0.000002 seconds (updated 0 objects)
[2020.11.07-05.02.03:913][305]LogAudioMixer: Warning: Audio device removed, falling back to other windows default device.
[2020.11.07-05.02.03:917][305]LogTemp: Resetting audio stream to device id 
[2020.11.07-05.02.03:942][305]LogAudioMixer: Display: 0: FrontLeft
[2020.11.07-05.02.03:942][305]LogAudioMixer: Display: 1: FrontRight
[2020.11.07-05.02.05:495][430]LogAudioMixer: Warning: Audio device removed, falling back to other windows default device.
[2020.11.07-05.02.05:499][430]LogTemp: Resetting audio stream to device id 
[2020.11.07-05.02.05:522][430]LogAudioMixer: Display: 0: FrontLeft
[2020.11.07-05.02.05:522][430]LogAudioMixer: Display: 1: FrontRight
[2020.11.07-05.03.44:572][818]LogBlueprint: Warning: [Compiler ThirdPersonCharacter] InputAction Event references unknown Action 'ResetVR' for  InputAction ResetVR
[2020.11.07-05.03.44:573][818]LogBlueprint: Warning: [Compiler ThirdPersonCharacter] Input Axis Event references unknown Axis 'LookUpRate' for  InputAxis LookUpRate
[2020.11.07-05.03.44:573][818]LogBlueprint: Warning: [Compiler ThirdPersonCharacter] Input Axis Event references unknown Axis 'TurnRate' for  InputAxis TurnRate
[2020.11.07-05.03.48:000][  4]LogMetaData: Removing '/Game/Character/Animations/AsbestosAnim/AsbestosAnim.AsbestosAnim:AnimGraph.AnimGraphNode_Root_0' ref from Metadata '/Game/Character/Animations/AsbestosAnim.PackageMetaData'
[2020.11.07-05.03.48:001][  4]LogMetaData: Removing '/Game/Character/Animations/AsbestosAnim/AsbestosAnim.AsbestosAnim_C' ref from Metadata '/Game/Character/Animations/AsbestosAnim.PackageMetaData'
[2020.11.07-05.03.48:001][  4]LogMetaData: Removing '/Game/Character/Animations/AsbestosAnim/AsbestosAnim.AsbestosAnim:EventGraph.K2Node_Event_0' ref from Metadata '/Game/Character/Animations/AsbestosAnim.PackageMetaData'
[2020.11.07-05.03.48:001][  4]LogMetaData: Removing '/Game/Character/Animations/AsbestosAnim/AsbestosAnim.AsbestosAnim:EventGraph.K2Node_CallFunction_0' ref from Metadata '/Game/Character/Animations/AsbestosAnim.PackageMetaData'
[2020.11.07-05.03.48:001][  4]LogMetaData: Removing '/Game/Character/Animations/AsbestosAnim/AsbestosAnim.AsbestosAnim:AnimGraph.AnimGraphNode_StateMachine_0.New State Machine.AnimStateEntryNode_0' ref from Metadata '/Game/Character/Animations/AsbestosAnim.PackageMetaData'
[2020.11.07-05.03.48:001][  4]LogMetaData: Removing '/Game/Character/Animations/AsbestosAnim/AsbestosAnim.AsbestosAnim:AnimGraph.AnimGraphNode_StateMachine_0.New State Machine.AnimStateNode_0.Idle/Walk/Run.AnimGraphNode_StateResult_0' ref from Metadata '/Game/Character/Animations/AsbestosAnim.PackageMetaData'
[2020.11.07-05.03.48:001][  4]LogMetaData: Removing '/Game/Character/Animations/AsbestosAnim/AsbestosAnim.AsbestosAnim:AnimGraph.AnimGraphNode_StateMachine_0.New State Machine.AnimStateTransitionNode_1.Transition.AnimGraphNode_TransitionResult_0' ref from Metadata '/Game/Character/Animations/AsbestosAnim.PackageMetaData'
[2020.11.07-05.03.48:001][  4]LogMetaData: Removing '/Game/Character/Animations/AsbestosAnim/AsbestosAnim.AsbestosAnim:AnimGraph.AnimGraphNode_StateMachine_0.New State Machine.AnimStateNode_2.JumpLoop.AnimGraphNode_StateResult_0' ref from Metadata '/Game/Character/Animations/AsbestosAnim.PackageMetaData'
[2020.11.07-05.03.48:001][  4]LogMetaData: Removing '/Game/Character/Animations/AsbestosAnim/AsbestosAnim.AsbestosAnim:AnimGraph.AnimGraphNode_StateMachine_0.New State Machine.AnimStateTransitionNode_0.Transition.AnimGraphNode_TransitionResult_0' ref from Metadata '/Game/Character/Animations/AsbestosAnim.PackageMetaData'
[2020.11.07-05.03.48:001][  4]LogMetaData: Removing '/Game/Character/Animations/AsbestosAnim/AsbestosAnim.AsbestosAnim:AnimGraph.AnimGraphNode_StateMachine_0.New State Machine.AnimStateNode_1.JumpStart.AnimGraphNode_StateResult_0' ref from Metadata '/Game/Character/Animations/AsbestosAnim.PackageMetaData'
[2020.11.07-05.03.48:001][  4]LogMetaData: Removing '/Game/Character/Animations/AsbestosAnim/AsbestosAnim.AsbestosAnim:AnimGraph.AnimGraphNode_StateMachine_0.New State Machine.AnimStateNode_3.JumpFinish.AnimGraphNode_StateResult_0' ref from Metadata '/Game/Character/Animations/AsbestosAnim.PackageMetaData'
[2020.11.07-05.03.48:001][  4]LogMetaData: Removing '/Game/Character/Animations/AsbestosAnim/AsbestosAnim.AsbestosAnim:AnimGraph.AnimGraphNode_StateMachine_0.New State Machine.AnimStateTransitionNode_2.Transition.AnimGraphNode_TransitionResult_0' ref from Metadata '/Game/Character/Animations/AsbestosAnim.PackageMetaData'
[2020.11.07-05.03.48:001][  4]LogMetaData: Removing '/Game/Character/Animations/AsbestosAnim/AsbestosAnim.AsbestosAnim:AnimGraph.AnimGraphNode_StateMachine_0.New State Machine.AnimStateTransitionNode_3.Transition.AnimGraphNode_TransitionResult_0' ref from Metadata '/Game/Character/Animations/AsbestosAnim.PackageMetaData'
[2020.11.07-05.03.48:001][  4]LogMetaData: Removing '/Game/Character/Animations/AsbestosAnim/AsbestosAnim.SKEL_AsbestosAnim_C:BlueprintUpdateAnimation' ref from Metadata '/Game/Character/Animations/AsbestosAnim.PackageMetaData'
[2020.11.07-05.03.48:001][  4]LogMetaData: Removing '/Game/Character/Animations/AsbestosAnim/AsbestosAnim.SKEL_AsbestosAnim_C:AnimGraph' ref from Metadata '/Game/Character/Animations/AsbestosAnim.PackageMetaData'
[2020.11.07-05.03.48:001][  4]LogMetaData: Removing '/Game/Character/Animations/AsbestosAnim/AsbestosAnim.SKEL_AsbestosAnim_C' ref from Metadata '/Game/Character/Animations/AsbestosAnim.PackageMetaData'
[2020.11.07-05.03.48:001][  4]LogMetaData: Removing '/Game/Character/Animations/AsbestosAnim/AsbestosAnim.AsbestosAnim_C:BlueprintUpdateAnimation' ref from Metadata '/Game/Character/Animations/AsbestosAnim.PackageMetaData'
[2020.11.07-05.03.48:001][  4]LogMetaData: Removing '/Game/Character/Animations/AsbestosAnim/AsbestosAnim.AsbestosAnim_C:AnimGraph' ref from Metadata '/Game/Character/Animations/AsbestosAnim.PackageMetaData'
[2020.11.07-05.03.48:135][  4]LogSavePackage: Moving '../../../../../../Users/xlr8o/OneDrive/Documents/Interactive Game Design/Trash_King/TrashKingProto_2_0/Saved/AsbestosAnim40AF27D848E13B8519FBDD8A540212A6.tmp' to '../../../../../../Users/xlr8o/OneDrive/Documents/Interactive Game Design/Trash_King/TrashKingProto_2_0/Content/Character/Animations/AsbestosAnim/AsbestosAnim.uasset'
[2020.11.07-05.03.48:370][  4]LogSavePackage: Moving '../../../../../../Users/xlr8o/OneDrive/Documents/Interactive Game Design/Trash_King/TrashKingProto_2_0/Saved/AsbestosAnimE793BE124ADFB66FF0C837A93D175CFC.tmp' to '../../../../../../Users/xlr8o/OneDrive/Documents/Interactive Game Design/Trash_King/TrashKingProto_2_0/Content/Character/Animations/AsbestosAnim.uasset'
[2020.11.07-05.03.48:397][  4]LogSavePackage: Moving '../../../../../../Users/xlr8o/OneDrive/Documents/Interactive Game Design/Trash_King/TrashKingProto_2_0/Saved/IdleWalkRunDB54E49A4D09C232289E8FBB43AB4271.tmp' to '../../../../../../Users/xlr8o/OneDrive/Documents/Interactive Game Design/Trash_King/TrashKingProto_2_0/Content/Character/Animations/AsbestosAnim/IdleWalkRun.uasset'
[2020.11.07-05.03.48:644][  4]LogSavePackage: Moving '../../../../../../Users/xlr8o/OneDrive/Documents/Interactive Game Design/Trash_King/TrashKingProto_2_0/Saved/IdleWalkRun87DCE8144F431E75D3F5EA9A7837B35F.tmp' to '../../../../../../Users/xlr8o/OneDrive/Documents/Interactive Game Design/Trash_King/TrashKingProto_2_0/Content/Character/Animations/IdleWalkRun.uasset'
[2020.11.07-05.03.49:507][  4]AssetCheck: New page: Asset Save: multiple assets
[2020.11.07-05.03.49:507][  4]LogContentValidation: Display: Validating AnimBlueprint /Game/Character/Animations/AsbestosAnim/AsbestosAnim.AsbestosAnim
[2020.11.07-05.03.49:507][  4]LogContentValidation: Display: Validating ObjectRedirector /Game/Character/Animations/AsbestosAnim.AsbestosAnim
[2020.11.07-05.03.49:507][  4]LogContentValidation: Display: Validating ObjectRedirector /Game/Character/Animations/AsbestosAnim.Default__AsbestosAnim_C
[2020.11.07-05.03.49:507][  4]LogContentValidation: Display: Validating ObjectRedirector /Game/Character/Animations/AsbestosAnim.AsbestosAnim_C
[2020.11.07-05.03.49:507][  4]LogContentValidation: Display: Validating BlendSpace1D /Game/Character/Animations/AsbestosAnim/IdleWalkRun.IdleWalkRun
[2020.11.07-05.03.49:507][  4]LogContentValidation: Display: Validating ObjectRedirector /Game/Character/Animations/IdleWalkRun.IdleWalkRun
[2020.11.07-05.05.15:115][184]LogUObjectHash: Compacting FUObjectHashTables data took   1.49ms
[2020.11.07-05.05.15:362][184]LogSavePackage: Moving '../../../../../../Users/xlr8o/OneDrive/Documents/Interactive Game Design/Trash_King/TrashKingProto_2_0/Saved/AsbestosBP328D380C444C61795894DAAFAA763474.tmp' to '../../../../../../Users/xlr8o/OneDrive/Documents/Interactive Game Design/Trash_King/TrashKingProto_2_0/Content/Character/AsbestosBP.uasset'
[2020.11.07-05.05.15:398][184]AssetCheck: New page: Asset Save: AsbestosBP
[2020.11.07-05.05.15:398][184]LogContentValidation: Display: Validating Blueprint /Game/Character/AsbestosBP.AsbestosBP
[2020.11.07-05.10.39:531][504]LogUObjectHash: Compacting FUObjectHashTables data took   1.18ms
[2020.11.07-05.10.39:569][504]LogSlate: Window 'TrashKingProto_2_0 - Unreal Editor' being destroyed
[2020.11.07-05.10.39:583][504]LogWindowsTextInputMethodSystem: Display: IME system now deactivated.
